Start testing: May 14 18:07 RTZ 2 (çèìà)
----------------------------------------------------------
1/2 Testing: test_TBinSearchTree
1/2 Test: test_TBinSearchTree
Command: "C:/Users/nozdr/source/repos/TBinSearchTree/build/Release/test_TBinSearchTree.exe"
Directory: C:/Users/nozdr/source/repos/TBinSearchTree/build
"test_TBinSearchTree" start time: May 14 18:07 RTZ 2 (çèìà)
Output:
----------------------------------------------------------
Running main() from C:\Users\nozdr\vcpkg\buildtrees\gtest\src\v1.16.0-a2e0b328c1.clean\googletest\src\gtest_main.cc
[==========] Running 9 tests from 1 test suite.
[----------] Global test environment set-up.
[----------] 9 tests from TBinSearchTreeTest
[ RUN      ] TBinSearchTreeTest.EmptyTree
[       OK ] TBinSearchTreeTest.EmptyTree (0 ms)
[ RUN      ] TBinSearchTreeTest.InsertAndContains
[       OK ] TBinSearchTreeTest.InsertAndContains (0 ms)
[ RUN      ] TBinSearchTreeTest.RemoveOperations
[       OK ] TBinSearchTreeTest.RemoveOperations (0 ms)
[ RUN      ] TBinSearchTreeTest.UpdateValue
[       OK ] TBinSearchTreeTest.UpdateValue (0 ms)
[ RUN      ] TBinSearchTreeTest.ExceptionHandling
[       OK ] TBinSearchTreeTest.ExceptionHandling (0 ms)
[ RUN      ] TBinSearchTreeTest.ComplexScenario
[       OK ] TBinSearchTreeTest.ComplexScenario (0 ms)
[ RUN      ] TBinSearchTreeTest.CustomTypes
[       OK ] TBinSearchTreeTest.CustomTypes (0 ms)
[ RUN      ] TBinSearchTreeTest.LargeDatasetRandomized
[ DIAGNOSTIC ] Inserted 100000 random elements. Tree depth: 39
[       OK ] TBinSearchTreeTest.LargeDatasetRandomized (73 ms)
[ RUN      ] TBinSearchTreeTest.PerformanceInsertRandomized
[ PROGRESS ] Inserted 10000 elements (10%), time: 1 ms
[ PROGRESS ] Inserted 20000 elements (20%), time: 4 ms
[ PROGRESS ] Inserted 30000 elements (30%), time: 6 ms
[ PROGRESS ] Inserted 40000 elements (40%), time: 9 ms
[ PROGRESS ] Inserted 50000 elements (50%), time: 12 ms
[ PROGRESS ] Inserted 60000 elements (60%), time: 15 ms
[ PROGRESS ] Inserted 70000 elements (70%), time: 18 ms
[ PROGRESS ] Inserted 80000 elements (80%), time: 21 ms
[ PROGRESS ] Inserted 90000 elements (90%), time: 25 ms
[ PROGRESS ] Inserted 100000 elements (100%), time: 29 ms
[ RESULT ] Total insert time: 29 ms
           Average time per insert: 0.29 us
           Final tree depth: 41
[       OK ] TBinSearchTreeTest.PerformanceInsertRandomized (39 ms)
[----------] 9 tests from TBinSearchTreeTest (113 ms total)

[----------] Global test environment tear-down
[==========] 9 tests from 1 test suite ran. (113 ms total)
[  PASSED  ] 9 tests.
<end of output>
Test time =   0.27 sec
----------------------------------------------------------
Test Passed.
"test_TBinSearchTree" end time: May 14 18:07 RTZ 2 (çèìà)
"test_TBinSearchTree" time elapsed: 00:00:00
----------------------------------------------------------

2/2 Testing: test_TBSTTable
2/2 Test: test_TBSTTable
Command: "C:/Users/nozdr/source/repos/TBinSearchTree/build/Release/test_TBSTTable.exe"
Directory: C:/Users/nozdr/source/repos/TBinSearchTree/build
"test_TBSTTable" start time: May 14 18:07 RTZ 2 (çèìà)
Output:
----------------------------------------------------------
Running main() from C:\Users\nozdr\vcpkg\buildtrees\gtest\src\v1.16.0-a2e0b328c1.clean\googletest\src\gtest_main.cc
[==========] Running 6 tests from 1 test suite.
[----------] Global test environment set-up.
[----------] 6 tests from TBSTTableTest
[ RUN      ] TBSTTableTest.InsertAndContains
[       OK ] TBSTTableTest.InsertAndContains (0 ms)
[ RUN      ] TBSTTableTest.Remove
[       OK ] TBSTTableTest.Remove (0 ms)
[ RUN      ] TBSTTableTest.EmptyTable
[       OK ] TBSTTableTest.EmptyTable (0 ms)
[ RUN      ] TBSTTableTest.OperatorBracket
[       OK ] TBSTTableTest.OperatorBracket (0 ms)
[ RUN      ] TBSTTableTest.ConstOperatorBracket
[       OK ] TBSTTableTest.ConstOperatorBracket (0 ms)
[ RUN      ] TBSTTableTest.ComplexOperations
[       OK ] TBSTTableTest.ComplexOperations (0 ms)
[----------] 6 tests from TBSTTableTest (0 ms total)

[----------] Global test environment tear-down
[==========] 6 tests from 1 test suite ran. (0 ms total)
[  PASSED  ] 6 tests.
<end of output>
Test time =   0.09 sec
----------------------------------------------------------
Test Passed.
"test_TBSTTable" end time: May 14 18:07 RTZ 2 (çèìà)
"test_TBSTTable" time elapsed: 00:00:00
----------------------------------------------------------

End testing: May 14 18:07 RTZ 2 (çèìà)
